<?xml version="1.0" encoding="UTF-8"?>
<testng-results ignored="0" total="2" passed="2" failed="0" skipped="0">
  <reporter-output>
  </reporter-output>
  <suite started-at="2022-08-18T14:15:48 CDT" name="Default suite" finished-at="2022-08-18T14:16:43 CDT" duration-ms="54841">
    <groups>
    </groups>
    <test started-at="2022-08-18T14:15:48 CDT" name="Default test" finished-at="2022-08-18T14:16:43 CDT" duration-ms="54841">
      <class name="HelloWorld">
        <test-method is-config="true" signature="setup()[pri:0, instance:HelloWorld@54e1c68b]" started-at="2022-08-18T14:15:48 CDT" name="setup" finished-at="2022-08-18T14:15:55 CDT" duration-ms="6385" status="PASS">
          <reporter-output>
          </reporter-output>
        </test-method> <!-- setup -->
        <test-method signature="normal()[pri:0, instance:HelloWorld@54e1c68b]" started-at="2022-08-18T14:15:55 CDT" name="normal" finished-at="2022-08-18T14:16:02 CDT" duration-ms="6835" status="PASS">
          <reporter-output>
          </reporter-output>
        </test-method> <!-- normal -->
        <test-method is-config="true" signature="tearDown()[pri:0, instance:HelloWorld@54e1c68b]" started-at="2022-08-18T14:16:02 CDT" name="tearDown" finished-at="2022-08-18T14:16:03 CDT" duration-ms="937" status="PASS">
          <reporter-output>
          </reporter-output>
        </test-method> <!-- tearDown -->
        <test-method is-config="true" signature="setup()[pri:0, instance:HelloWorld@54e1c68b]" started-at="2022-08-18T14:16:03 CDT" name="setup" finished-at="2022-08-18T14:16:06 CDT" duration-ms="3623" status="PASS">
          <reporter-output>
          </reporter-output>
        </test-method> <!-- setup -->
        <test-method signature="selfHealing()[pri:1, instance:HelloWorld@54e1c68b]" started-at="2022-08-18T14:16:06 CDT" name="selfHealing" finished-at="2022-08-18T14:16:42 CDT" duration-ms="36241" status="PASS">
          <reporter-output>
          </reporter-output>
        </test-method> <!-- selfHealing -->
        <test-method is-config="true" signature="tearDown()[pri:0, instance:HelloWorld@54e1c68b]" started-at="2022-08-18T14:16:42 CDT" name="tearDown" finished-at="2022-08-18T14:16:43 CDT" duration-ms="759" status="PASS">
          <reporter-output>
          </reporter-output>
        </test-method> <!-- tearDown -->
      </class> <!-- HelloWorld -->
    </test> <!-- Default test -->
  </suite> <!-- Default suite -->
</testng-results>
